[debug] [2018-10-28T17:05:55.749Z] ----------------------------------------------------------------------
[debug] [2018-10-28T17:05:55.752Z] Command:       /Users/rossbar/.nvm/versions/node/v7.10.0/bin/node /Users/rossbar/.nvm/versions/node/v7.10.0/bin/firebase deploy
[debug] [2018-10-28T17:05:55.753Z] CLI Version:   4.2.0
[debug] [2018-10-28T17:05:55.753Z] Platform:      darwin
[debug] [2018-10-28T17:05:55.753Z] Node Version:  v7.10.0
[debug] [2018-10-28T17:05:55.754Z] Time:          Sun Oct 28 2018 10:05:55 GMT-0700 (PDT)
[debug] [2018-10-28T17:05:55.754Z] ----------------------------------------------------------------------
[debug] 
[debug] [2018-10-28T17:05:55.776Z] > command requires scopes: ["email","openid","https://www.googleapis.com/auth/cloudplatformprojects.readonly","https://www.googleapis.com/auth/firebase","https://www.googleapis.com/auth/cloud-platform"]
[debug] [2018-10-28T17:05:55.777Z] > authorizing via signed-in user
[debug] [2018-10-28T17:05:55.780Z] >>> HTTP REQUEST GET https://admin.firebase.com/v1/projects/d-media-e0101  
 
[debug] [2018-10-28T17:05:56.297Z] <<< HTTP RESPONSE 200
[info] 
[info] === Deploying to 'd-media-e0101'...
[info] 
[info] i  deploying database, storage, functions, hosting
[debug] [2018-10-28T17:05:56.306Z] TypeError: Path must be a string. Received undefined
    at assertPath (path.js:7:11)
    at Object.join (path.js:1211:7)
    at Config.path (/Users/rossbar/.nvm/versions/node/v7.10.0/lib/node_modules/firebase-tools/lib/config.js:166:37)
    at /Users/rossbar/.nvm/versions/node/v7.10.0/lib/node_modules/firebase-tools/lib/deploy/lifecycleHooks.js:68:38
    at _chain (/Users/rossbar/.nvm/versions/node/v7.10.0/lib/node_modules/firebase-tools/lib/deploy/index.js:26:38)
    at /Users/rossbar/.nvm/versions/node/v7.10.0/lib/node_modules/firebase-tools/lib/deploy/index.js:29:14
    at process._tickDomainCallback (internal/process/next_tick.js:135:7)
[error] 
[error] Error: An unexpected error has occurred.
[debug] [2018-10-29T03:19:36.774Z] ----------------------------------------------------------------------
[debug] [2018-10-29T03:19:36.777Z] Command:       /Users/rossbar/.nvm/versions/node/v7.10.0/bin/node /Users/rossbar/.nvm/versions/node/v7.10.0/bin/firebase deploy
[debug] [2018-10-29T03:19:36.777Z] CLI Version:   4.2.0
[debug] [2018-10-29T03:19:36.777Z] Platform:      darwin
[debug] [2018-10-29T03:19:36.777Z] Node Version:  v7.10.0
[debug] [2018-10-29T03:19:36.777Z] Time:          Sun Oct 28 2018 20:19:36 GMT-0700 (PDT)
[debug] [2018-10-29T03:19:36.778Z] ----------------------------------------------------------------------
[debug] 
[debug] [2018-10-29T03:19:36.796Z] > command requires scopes: ["email","openid","https://www.googleapis.com/auth/cloudplatformprojects.readonly","https://www.googleapis.com/auth/firebase","https://www.googleapis.com/auth/cloud-platform"]
[debug] [2018-10-29T03:19:36.796Z] > authorizing via signed-in user
[debug] [2018-10-29T03:19:36.799Z] > refreshing access token with scopes: ["email","https://www.googleapis.com/auth/cloud-platform","https://www.googleapis.com/auth/cloudplatformprojects.readonly","https://www.googleapis.com/auth/firebase","openid"]
[debug] [2018-10-29T03:19:36.799Z] >>> HTTP REQUEST POST https://www.googleapis.com/oauth2/v3/token  

[debug] [2018-10-29T03:19:37.028Z] <<< HTTP RESPONSE 200
[debug] [2018-10-29T03:19:37.037Z] >>> HTTP REQUEST GET https://admin.firebase.com/v1/projects/d-media-e0101  
 
[debug] [2018-10-29T03:19:37.673Z] <<< HTTP RESPONSE 200
[info] 
[info] === Deploying to 'd-media-e0101'...
[info] 
[info] i  deploying database, storage, functions, hosting
[debug] [2018-10-29T03:19:37.680Z] TypeError: Path must be a string. Received undefined
    at assertPath (path.js:7:11)
    at Object.join (path.js:1211:7)
    at Config.path (/Users/rossbar/.nvm/versions/node/v7.10.0/lib/node_modules/firebase-tools/lib/config.js:166:37)
    at /Users/rossbar/.nvm/versions/node/v7.10.0/lib/node_modules/firebase-tools/lib/deploy/lifecycleHooks.js:68:38
    at _chain (/Users/rossbar/.nvm/versions/node/v7.10.0/lib/node_modules/firebase-tools/lib/deploy/index.js:26:38)
    at /Users/rossbar/.nvm/versions/node/v7.10.0/lib/node_modules/firebase-tools/lib/deploy/index.js:29:14
    at process._tickDomainCallback (internal/process/next_tick.js:135:7)
[error] 
[error] Error: An unexpected error has occurred.
